[13:47:23] [main/INFO]: Loading Minecraft 1.21.11 with Fabric Loader 0.18.2
[13:47:23] [main/INFO]: Loading 75 mods:
	- c2me 0.3.6+beta.1.0+1.21.11
	   |-- c2me-base 0.3.6+beta.1.0+1.21.11
	   |-- c2me-client-uncapvd 0.3.6+beta.1.0+1.21.11
	   |-- c2me-fixes-chunkio-threading-issues 0.3.6+beta.1.0+1.21.11
	   |-- c2me-fixes-general-threading-issues 0.3.6+beta.1.0+1.21.11
	   |-- c2me-fixes-worldgen-threading-issues 0.3.6+beta.1.0+1.21.11
	   |-- c2me-fixes-worldgen-vanilla-bugs 0.3.6+beta.1.0+1.21.11
	   |-- c2me-notickvd 0.3.6+beta.1.0+1.21.11
	   |-- c2me-opts-allocs 0.3.6+beta.1.0+1.21.11
	   |-- c2me-opts-chunkio 0.3.6+beta.1.0+1.21.11
	   |-- c2me-opts-dfc 0.3.6+beta.1.0+1.21.11
	   |-- c2me-opts-math 0.3.6+beta.1.0+1.21.11
	   |-- c2me-opts-natives-math 0.3.6+beta.1.0+1.21.11
	   |-- c2me-opts-scheduling 0.3.6+beta.1.0+1.21.11
	   |-- c2me-opts-worldgen-general 0.3.6+beta.1.0+1.21.11
	   |-- c2me-opts-worldgen-vanilla 0.3.6+beta.1.0+1.21.11
	   |-- c2me-rewrites-chunk-serializer 0.3.6+beta.1.0+1.21.11
	   |-- c2me-rewrites-chunk-system 0.3.6+beta.1.0+1.21.11
	   |-- c2me-rewrites-chunkio 0.3.6+beta.1.0+1.21.11
	   |-- c2me-server-utils 0.3.6+beta.1.0+1.21.11
	   |-- c2me-threading-lighting 0.3.6+beta.1.0+1.21.11
	   |-- com_electronwill_night-config_core 3.6.5
	   |-- com_electronwill_night-config_toml 3.6.5
	   |-- com_ibm_async_asyncutil 0.1.0
	   |-- io_reactivex_rxjava3_rxjava 3.1.12
	   |-- mixinsquared 0.2.0-beta.6
	   |-- net_objecthunter_exp4j 0.4.8
	   |-- org_jctools_jctools-core 4.0.5
	   \-- org_reactivestreams_reactive-streams 1.0.4
	- chunky 1.4.54
	- fabric-api 0.139.5+1.21.11
	   |-- fabric-api-base 1.0.5+4ebb5c083e
	   |-- fabric-api-lookup-api-v1 1.6.113+1fb1cde93e
	   |-- fabric-biome-api-v1 17.1.1+4fc5413f3e
	   |-- fabric-block-api-v1 1.1.10+4ebb5c083e
	   |-- fabric-block-view-api-v2 1.0.39+4ebb5c083e
	   |-- fabric-command-api-v2 2.4.7+6b42a6003e
	   |-- fabric-content-registries-v0 10.2.14+4fc5413f3e
	   |-- fabric-convention-tags-v1 2.1.55+7f945d5b3e
	   |-- fabric-convention-tags-v2 2.17.3+8ef948ba3e
	   |-- fabric-crash-report-info-v1 0.3.23+4ebb5c083e
	   |-- fabric-data-attachment-api-v1 1.8.43+1fb1cde93e
	   |-- fabric-data-generation-api-v1 23.3.0+ae1056283e
	   |-- fabric-dimensions-v1 4.0.28+4fc5413f3e
	   |-- fabric-entity-events-v1 3.0.5+4ebb5c083e
	   |-- fabric-events-interaction-v0 4.0.44+1fb1cde93e
	   |-- fabric-game-rule-api-v1 2.0.3+4fc5413f3e
	   |-- fabric-item-api-v1 11.5.20+d0c46b9e3e
	   |-- fabric-item-group-api-v1 4.2.36+4fc5413f3e
	   |-- fabric-key-binding-api-v1 1.1.7+4fc5413f3e
	   |-- fabric-lifecycle-events-v1 2.6.15+4ebb5c083e
	   |-- fabric-loot-api-v2 3.0.73+3f89f5a53e
	   |-- fabric-loot-api-v3 2.0.20+78c8b4663e
	   |-- fabric-message-api-v1 6.1.12+4ebb5c083e
	   |-- fabric-networking-api-v1 5.1.5+ae1e07683e
	   |-- fabric-object-builder-api-v1 21.1.38+4fc5413f3e
	   |-- fabric-particles-v1 4.2.11+4fc5413f3e
	   |-- fabric-recipe-api-v1 8.2.3+4ebb5c083e
	   |-- fabric-registry-sync-v0 6.2.4+4ebb5c083e
	   |-- fabric-rendering-fluids-v1 3.1.43+4ebb5c083e
	   |-- fabric-rendering-v1 16.2.6+1fb1cde93e
	   |-- fabric-resource-conditions-api-v1 5.0.35+4fc5413f3e
	   |-- fabric-resource-loader-v0 3.3.4+4fc5413f3e
	   |-- fabric-resource-loader-v1 1.0.10+78c8b4663e
	   |-- fabric-screen-api-v1 3.1.7+4ebb5c083e
	   |-- fabric-screen-handler-api-v1 1.3.160+4fc5413f3e
	   |-- fabric-serialization-api-v1 1.0.5+4ebb5c083e
	   |-- fabric-sound-api-v1 1.0.51+4fc5413f3e
	   |-- fabric-tag-api-v1 1.2.20+4fc5413f3e
	   |-- fabric-transfer-api-v1 6.0.24+4fc5413f3e
	   \-- fabric-transitive-access-wideners-v1 7.0.8+0107c3da3e
	- fabricloader 0.18.2
	   \-- mixinextras 0.5.0
	- fallingtree 1.21.11.2
	- ferritecore 8.0.3
	- java 25
	- lithium 0.21.1+mc1.21.11
	- minecraft 1.21.11
	- spark 1.10.156
	   \-- fabric-permissions-api-v0 0.6.1
[13:47:23] [main/INFO]: SpongePowered MIXIN Subsystem Version=0.8.7 Source=file:/C:/Users/Sayan/Desktop/Java%20Only%20Server/libraries/net/fabricmc/sponge-mixin/0.16.5+mixin.0.8.7/sponge-mixin-0.16.5+mixin.0.8.7.jar Service=Knot/Fabric Env=SERVER
[13:47:23] [main/INFO]: Compatibility level set to JAVA_16
[13:47:23] [main/INFO]: Compatibility level set to JAVA_17
[13:47:23] [main/INFO]: Compatibility level set to JAVA_21
[13:47:23] [main/INFO]: Initializing com.ishland.c2me.base.mixin
[13:47:23] [main/INFO]: Global Executor Parallelism: 7 configured, 7 evaluated, 7 default evaluated
[13:47:23] [main/INFO]: Initializing com.ishland.c2me.fixes.chunkio.threading_issues.mixin
[13:47:23] [main/INFO]: Initializing com.ishland.c2me.fixes.general.threading_issues.mixin
[13:47:23] [main/INFO]: Initializing com.ishland.c2me.fixes.worldgen.threading_issues.mixin
[13:47:23] [main/INFO]: Initializing com.ishland.c2me.fixes.worldgen.vanilla_bugs.mixin
[13:47:23] [main/INFO]: Initializing com.ishland.c2me.notickvd.mixin
[13:47:23] [main/INFO]: Initializing com.ishland.c2me.opts.allocs.mixin
[13:47:23] [main/INFO]: Initializing com.ishland.c2me.opts.chunkio.mixin
[13:47:23] [main/INFO]: Initializing com.ishland.c2me.opts.dfc.mixin
[13:47:23] [main/INFO]: Initializing com.ishland.c2me.opts.math.mixin
[13:47:23] [main/INFO]: Initializing com.ishland.c2me.opts.natives_math.mixin
[13:47:23] [main/INFO]: Attempting to call native library. If your game crashes right after this point, native acceleration may not be available for your system.
[13:47:23] [main/INFO]: Detected maximum supported ISA target: AVX2
[13:47:23] [main/INFO]: Initializing com.ishland.c2me.opts.scheduling.mixin
[13:47:23] [main/INFO]: Initializing com.ishland.c2me.opts.worldgen.general.mixin
[13:47:23] [main/INFO]: Initializing com.ishland.c2me.opts.worldgen.vanilla.mixin
[13:47:23] [main/INFO]: Initializing com.ishland.c2me.rewrites.chunk_serializer.mixin
[13:47:23] [main/INFO]: Disabling com.ishland.c2me.rewrites.chunk_serializer.mixin
[13:47:23] [main/INFO]: Initializing com.ishland.c2me.rewrites.chunksystem.mixin
[13:47:23] [main/INFO]: Initializing com.ishland.c2me.rewrites.chunkio.mixin
[13:47:23] [main/INFO]: Initializing com.ishland.c2me.server.utils.mixin
[13:47:23] [main/INFO]: Initializing com.ishland.c2me.threading.lighting.mixin
[13:47:23] [main/INFO]: Loaded configuration file for Lithium: 164 options available, 0 override(s) found.
[13:47:24] [main/WARN]: Error loading class: ca/spottedleaf/starlight/common/thread/SchedulingUtil (java.lang.ClassNotFoundException: ca/spottedleaf/starlight/common/thread/SchedulingUtil)
[13:47:24] [main/INFO]: Initializing MixinExtras via com.llamalad7.mixinextras.service.MixinExtrasServiceImpl(version=0.5.0).
[13:47:31] [main/INFO]: Environment: Environment[sessionHost=https://sessionserver.mojang.com, servicesHost=https://api.minecraftservices.com, profilesHost=https://api.mojang.com, name=PROD]
[13:47:31] [main/INFO]: Found new data pack fabric-convention-tags-v2, loading it automatically
[13:47:33] [main/INFO]: Loaded 1470 recipes
[13:47:33] [main/INFO]: Loaded 1584 advancements
[13:47:33] [main/INFO]: Applied 0 biome modifications to 0 of 65 new biomes in 1.261 ms
[13:47:33] [Server thread/INFO]: Starting background profiler...
[13:47:33] [Server thread/INFO]: The async-profiler engine is not supported for your os/arch (windows11/amd64), so the built-in Java engine will be used instead.
[13:47:33] [Server thread/INFO]: Starting minecraft server version 1.21.11
[13:47:33] [Server thread/INFO]: Loading properties
[13:47:33] [Server thread/INFO]: Default game type: SURVIVAL
[13:47:33] [Server thread/INFO]: Generating keypair
[13:47:33] [Server thread/INFO]: Starting Minecraft server on *:25565
[13:47:33] [Server thread/WARN]: **** SERVER IS RUNNING IN OFFLINE/INSECURE MODE!
[13:47:33] [Server thread/WARN]: The server will make no attempt to authenticate usernames. Beware.
[13:47:33] [Server thread/WARN]: While this makes the game possible to play without internet access, it also opens up the ability for hackers to connect with any username they choose.
[13:47:33] [Server thread/WARN]: To change this, set "online-mode" to "true" in the server.properties file.
[13:47:33] [Server thread/INFO]: Preparing level "world"
[13:47:33] [Server thread/INFO]: Enforcing safe world random access
[13:47:34] [Server thread/INFO]: [STDOUT]: Density function compilation finished in 287.5 ms
[13:47:34] [Server thread/INFO]: Using TheSpeedyObjectFactory without Unsafe
[13:47:34] [Server thread/INFO]: [STDOUT]: Density function compilation finished in 7.852 ms
[13:47:34] [Server thread/INFO]: [STDOUT]: Density function compilation finished in 5.939 ms
[13:47:34] [Server thread/INFO]: Loading 0 persistent chunks...
[13:47:34] [Server thread/INFO]: Preparing spawn area: 100%
[13:47:34] [Server thread/INFO]: Time elapsed: 80 ms
[13:47:34] [Server thread/INFO]: Done (0.957s)! For help, type "help"
[13:47:40] [Server thread/INFO]: Guru[/192.168.1.2:50800] logged in with entity id 106 at (367.9049964289638, 72.0, -33.60882091705327)
[13:47:40] [Server thread/INFO]: Guru joined the game
[13:48:01] [Server thread/INFO]: Guru lost connection: Disconnected
[13:48:01] [Server thread/INFO]: Guru left the game
[13:48:06] [Server thread/INFO]: Stopping server
[13:48:06] [Server thread/INFO]: Saving players
[13:48:06] [Server thread/INFO]: Saving worlds
[13:48:06] [Server thread/INFO]: ServerLevel[world]/minecraft:overworld: waiting for 729 chunks to unload
[13:48:06] [Server thread/INFO]: Saving chunks for level 'ServerLevel[world]'/minecraft:overworld
[13:48:06] [Server thread/INFO]: Saving chunks for level 'ServerLevel[world]'/minecraft:the_end
[13:48:06] [Server thread/INFO]: Saving chunks for level 'ServerLevel[world]'/minecraft:the_nether
[13:48:07] [Server thread/INFO]: ThreadedAnvilChunkStorage (world): All chunks are saved
[13:48:07] [Server thread/INFO]: ThreadedAnvilChunkStorage (DIM1): All chunks are saved
[13:48:07] [Server thread/INFO]: ThreadedAnvilChunkStorage (DIM-1): All chunks are saved
[13:48:07] [Server thread/INFO]: ThreadedAnvilChunkStorage: All dimensions are saved
[13:48:07] [C2ME Storage #3/INFO]: Storage thread Thread[#86,C2ME Storage #3,8,main] stopped
[13:48:07] [C2ME Storage #2/INFO]: Storage thread Thread[#85,C2ME Storage #2,8,main] stopped
[13:48:07] [C2ME Storage #1/INFO]: Storage thread Thread[#84,C2ME Storage #1,8,main] stopped
[13:48:07] [C2ME Storage #6/INFO]: Storage thread Thread[#96,C2ME Storage #6,8,main] stopped
[13:48:07] [C2ME Storage #5/INFO]: Storage thread Thread[#95,C2ME Storage #5,8,main] stopped
[13:48:07] [C2ME Storage #4/INFO]: Storage thread Thread[#94,C2ME Storage #4,8,main] stopped
[13:48:07] [C2ME Storage #9/INFO]: Storage thread Thread[#99,C2ME Storage #9,8,main] stopped
[13:48:07] [C2ME Storage #8/INFO]: Storage thread Thread[#98,C2ME Storage #8,8,main] stopped
[13:48:07] [C2ME Storage #7/INFO]: Storage thread Thread[#97,C2ME Storage #7,8,main] stopped
